********************************************************************************
PACKAGE-LOG: 2016-06-17 02:43:59
NOTICE: Do NOT post to public sites or forums 
********************************************************************************
VERSION:	1.1.10
WORDPRESS:	4.5.2
PHP INFO:	5.6.10 | SAPI: apache2handler
SERVER:		Apache/2.2.29 (Unix) mod_wsgi/3.5 Python/2.7.10 PHP/5.6.10 mod_ssl/2.2.29 OpenSSL/0.9.8zg DAV/2 mod_fastcgi/2.4.6 mod_perl/2.0.9 Perl/v5.22.0 
PHP TIME LIMIT: (0) no time limit imposed 
PHP MAX MEMORY: 2048M (128M default) 
MEMORY STACK: 27.5MB 

********************************************************************************
DATABASE:
********************************************************************************
BUILD MODE:   PHP(query limit - 100)
MYSQLTIMEOUT: 5000
MYSQLDUMP:    Is Supported 
TABLES: total:13 | filtered:0 | create:13 
FILTERED: [] 
SQL CREATED: 20160617_cxbladder_576363e457ac22359160617024348_database.sql 
SQL FILE SIZE: 470.53KB (481824) 
SQL FILE TIME: 2016-06-17 02:43:59 
SQL RUNTIME: 0.22 sec. 

******************************************************************************** 
ARCHIVE (ZIP): 
******************************************************************************** 
ARCHIVE DIR:  /Users/mac030/Development/www/ht/cxbladder 
ARCHIVE FILE: 20160617_cxbladder_576363e457ac22359160617024348_archive.zip 
FILTERS: *OFF* 
DIRS:  not set 
EXTS:  not set 
---------------------------------------- 
COMPRESSING 
SIZE:	32.03MB 
STATS:	Dirs 166 | Files 1,599 
SQL ADDED: 20160617_cxbladder_576363e457ac22359160617024348_database.sql 
ZipArchive Object
(
    [status] => 0
    [statusSys] => 0
    [numFiles] => 1765
    [filename] => /Users/mac030/Development/www/ht/cxbladder/wp-snapshots/tmp/20160617_cxbladder_576363e457ac22359160617024348_archive.zip
    [comment] => 
)
 
COMPRESSION RESULT: '1' 
COMPRESSED SIZE: 16.79MB 
ARCHIVE RUNTIME: 10.77 sec. 
MEMORY STACK: 28.25MB 

******************************************************************************** 
MAKE INSTALLER: 
******************************************************************************** 
Build Start 
Build Finished 
Preping for use 
Template parsed with new data 
Complete [/Users/mac030/Development/www/ht/cxbladder/wp-snapshots/tmp/20160617_cxbladder_576363e457ac22359160617024348_installer.php] 
Added to archive 

******************************************************************************** 
INTEGRITY CHECKS: 
******************************************************************************** 
SQL File: 470.53KB 
Installer File: 341.4KB 
Archive File: 16.79MB  

********************************************************************************
RECORD ID:[1]
TOTAL PROCESS RUNTIME: 11.63 sec.
PEAK PHP MEMORY USED: 30.75MB
DONE PROCESSING => 20160617_cxbladder 2016-06-17 02:44:11
 
